<?xml version="1.0" encoding="UTF-8"?>
<testsuite xmlns:xsi="http://www.w3.org/2001/XMLSchema-instance" xsi:noNamespaceSchemaLocation="https://maven.apache.org/surefire/maven-surefire-plugin/xsd/surefire-test-report.xsd" name="com.graphprj.Tests" time="0.187" tests="31" errors="0" skipped="0" failures="0">
  <properties>
[...]
</properties>
  <testcase name="FloydNegativeWeights" classname="com.graphprj.Tests" time="0.009"/>
  <testcase name="test2Dijkstra" classname="com.graphprj.Tests" time="0.004"/>
  <testcase name="BellmanCycleNoNegative" classname="com.graphprj.Tests" time="0.002"/>
  <testcase name="FloydSmallGraph" classname="com.graphprj.Tests" time="0.001"/>
  <testcase name="FloydPerformanceMedium" classname="com.graphprj.Tests" time="0.001"/>
  <testcase name="FloydMediumGraph" classname="com.graphprj.Tests" time="0"/>
  <testcase name="FloydPerformanceLarge" classname="com.graphprj.Tests" time="0.002"/>
  <testcase name="FloydPerformanceSmall" classname="com.graphprj.Tests" time="0.002"/>
  <testcase name="BellmanMultiplePaths" classname="com.graphprj.Tests" time="0"/>
  <testcase name="BellmanNegativeCycle" classname="com.graphprj.Tests" time="0.007"/>
  <testcase name="FloydLargeGraph" classname="com.graphprj.Tests" time="0"/>
  <testcase name="FloydPathReconstruction" classname="com.graphprj.Tests" time="0.004"/>
  <testcase name="BellmanDisconnectedNode" classname="com.graphprj.Tests" time="0.002"/>
  <testcase name="BellmanSingleNode" classname="com.graphprj.Tests" time="0"/>
  <testcase name="FloydIdentityPath" classname="com.graphprj.Tests" time="0.001"/>
  <testcase name="testDijkstra" classname="com.graphprj.Tests" time="0.001"/>
  <testcase name="FloydWarshallCompare1" classname="com.graphprj.Tests" time="0.002"/>
  <testcase name="FloydWarshallCompare2" classname="com.graphprj.Tests" time="0"/>
  <testcase name="FloydWarshallCompare3" classname="com.graphprj.Tests" time="0"/>
  <testcase name="FloydDisconnectedGraph" classname="com.graphprj.Tests" time="0.001"/>
  <testcase name="testAlgorithmComparison" classname="com.graphprj.Tests" time="0.012"/>
  <testcase name="test3Dijkstra" classname="com.graphprj.Tests" time="0.007"/>
  <testcase name="FloydNegativeCycle" classname="com.graphprj.Tests" time="0"/>
  <testcase name="BellmanNegativeEdgeNoCycle" classname="com.graphprj.Tests" time="0"/>
  <testcase name="FloydNoPath" classname="com.graphprj.Tests" time="0"/>
  <testcase name="BellmanLargeInput" classname="com.graphprj.Tests" time="0"/>
  <testcase name="FloydPerformanceCompare1" classname="com.graphprj.Tests" time="0.011"/>
  <testcase name="FloydPerformanceCompare2" classname="com.graphprj.Tests" time="0.001"/>
  <testcase name="FloydPerformanceCompare3" classname="com.graphprj.Tests" time="0.001"/>
  <testcase name="BellmanZeroWeightEdges" classname="com.graphprj.Tests" time="0"/>
  <testcase name="BellmanSimpleGraph" classname="com.graphprj.Tests" time="0"/>
</testsuite>